<?xml version="1.0" encoding="UTF-8"?>
<testsuite name="FlightSearchPageIT" tests="1" skipped="0" failures="0" errors="0" timestamp="2018-08-07T14:57:25" hostname="VAA-MacBook-Air.local" time="30.94">
  <properties/>
  <testcase name="SouthWest Flight Search Oneway" classname="FlightSearchPageIT" time="30.94"/>
  <system-out><![CDATA[]]></system-out>
  <system-err><![CDATA[Starting ChromeDriver 2.41.578706 (5f725d1b4f0a4acbf5259df887244095596231db) on port 36665
Only local connections are allowed.
Aug 07, 2018 8:27:30 PM org.openqa.selenium.remote.ProtocolHandshake createSession
INFO: Detected dialect: OSS
]]></system-err>
</testsuite>
