<?xml version="1.0" encoding="UTF-8"?>
<testsuite name="SWASpec" tests="2" skipped="0" failures="0" errors="0" timestamp="2018-08-06T13:37:39" hostname="VAA-MacBook-Air" time="11.231">
  <properties/>
  <testcase name="go method does NOT set the page" classname="SWASpec" time="6.015"/>
  <testcase name="to method does set the page and change the current url" classname="SWASpec" time="5.215"/>
  <system-out><![CDATA[]]></system-out>
  <system-err><![CDATA[]]></system-err>
</testsuite>
