<?xml version="1.0" encoding="UTF-8"?>
<testsuite name="FlightSearchPageIT" tests="1" skipped="0" failures="1" errors="0" timestamp="2018-08-07T12:20:13" hostname="VAA-MacBook-Air" time="3.166">
  <properties/>
  <testcase name="SouthWest Flight Search Oneway" classname="FlightSearchPageIT" time="3.166">
    <failure message="org.openqa.selenium.SessionNotCreatedException: Unable to find a matching set of capabilities&#10;Build info: version: '3.6.0', revision: '6fbf3ec767', time: '2017-09-27T15:28:36.4Z'&#10;System info: host: 'VAA-MacBook-Air.local', ip: '2402:3a80:a7d:53:91e2:9458:4d6f:b6a9', os.name: 'Mac OS X', os.arch: 'x86_64', os.version: '10.11.5', java.version: '1.8.0_102'&#10;Driver info: driver.version: FirefoxDriver&#10;remote stacktrace: stack backtrace:&#10;   0:        0x106e5d54e - backtrace::backtrace::trace::hc694823f3e7463c0&#10;   1:        0x106e5d6ec - backtrace::capture::Backtrace::new::h23089c033eded8f0&#10;   2:        0x106df53af - geckodriver::marionette::MarionetteHandler::create_connection::hfc7af8bf299cf57b&#10;   3:        0x106dd0707 - _$LT$webdriver..server..Dispatcher$LT$T$C$$u20$U$GT$$GT$::run::h03bbbfe904a992bd&#10;   4:        0x106db6c97 - std::panicking::try::do_call::he6fd7abc59b6b346&#10;   5:        0x106f7a4ba - __rust_maybe_catch_panic&#10;   6:        0x106dc700c - _$LT$F$u20$as$u20$alloc..boxed..FnBox$LT$A$GT$$GT$::call_box::h8e002f7c448fbabb&#10;   7:        0x106f76684 - std::sys::imp::thread::Thread::new::thread_start::hba7593f2e1f1beb1&#10;   8:     0x7fff8ec1499c - _pthread_body&#10;   9:     0x7fff8ec14919 - _pthread_start" type="org.openqa.selenium.SessionNotCreatedException">org.openqa.selenium.SessionNotCreatedException: Unable to find a matching set of capabilities
Build info: version: '3.6.0', revision: '6fbf3ec767', time: '2017-09-27T15:28:36.4Z'
System info: host: 'VAA-MacBook-Air.local', ip: '2402:3a80:a7d:53:91e2:9458:4d6f:b6a9', os.name: 'Mac OS X', os.arch: 'x86_64', os.version: '10.11.5', java.version: '1.8.0_102'
Driver info: driver.version: FirefoxDriver
remote stacktrace: stack backtrace:
   0:        0x106e5d54e - backtrace::backtrace::trace::hc694823f3e7463c0
   1:        0x106e5d6ec - backtrace::capture::Backtrace::new::h23089c033eded8f0
   2:        0x106df53af - geckodriver::marionette::MarionetteHandler::create_connection::hfc7af8bf299cf57b
   3:        0x106dd0707 - _$LT$webdriver..server..Dispatcher$LT$T$C$$u20$U$GT$$GT$::run::h03bbbfe904a992bd
   4:        0x106db6c97 - std::panicking::try::do_call::he6fd7abc59b6b346
   5:        0x106f7a4ba - __rust_maybe_catch_panic
   6:        0x106dc700c - _$LT$F$u20$as$u20$alloc..boxed..FnBox$LT$A$GT$$GT$::call_box::h8e002f7c448fbabb
   7:        0x106f76684 - std::sys::imp::thread::Thread::new::thread_start::hba7593f2e1f1beb1
   8:     0x7fff8ec1499c - _pthread_body
   9:     0x7fff8ec14919 - _pthread_start
	at org.openqa.selenium.remote.W3CHandshakeResponse.lambda$new$0(W3CHandshakeResponse.java:57)
	at org.openqa.selenium.remote.W3CHandshakeResponse.lambda$getResponseFunction$2(W3CHandshakeResponse.java:104)
	at org.openqa.selenium.remote.ProtocolHandshake.lambda$createSession$24(ProtocolHandshake.java:359)
	at java.util.stream.ReferencePipeline$3$1.accept(ReferencePipeline.java:193)
	at java.util.Spliterators$ArraySpliterator.tryAdvance(Spliterators.java:958)
	at java.util.stream.ReferencePipeline.forEachWithCancel(ReferencePipeline.java:126)
	at java.util.stream.AbstractPipeline.copyIntoWithCancel(AbstractPipeline.java:498)
	at java.util.stream.AbstractPipeline.copyInto(AbstractPipeline.java:485)
	at java.util.stream.AbstractPipeline.wrapAndCopyInto(AbstractPipeline.java:471)
	at java.util.stream.FindOps$FindOp.evaluateSequential(FindOps.java:152)
	at java.util.stream.AbstractPipeline.evaluate(AbstractPipeline.java:234)
	at java.util.stream.ReferencePipeline.findFirst(ReferencePipeline.java:464)
	at org.openqa.selenium.remote.ProtocolHandshake.createSession(ProtocolHandshake.java:362)
	at org.openqa.selenium.remote.ProtocolHandshake.createSession(ProtocolHandshake.java:136)
	at org.openqa.selenium.remote.HttpCommandExecutor.execute(HttpCommandExecutor.java:142)
	at org.openqa.selenium.remote.service.DriverCommandExecutor.execute(DriverCommandExecutor.java:83)
	at org.openqa.selenium.remote.RemoteWebDriver.execute(RemoteWebDriver.java:586)
	at org.openqa.selenium.remote.RemoteWebDriver.startSession(RemoteWebDriver.java:217)
	at org.openqa.selenium.remote.RemoteWebDriver.&lt;init&gt;(RemoteWebDriver.java:140)
	at org.openqa.selenium.firefox.FirefoxDriver.&lt;init&gt;(FirefoxDriver.java:120)
	at org.openqa.selenium.firefox.FirefoxDriver.&lt;init&gt;(FirefoxDriver.java:98)
	at geb.driver.NameBasedDriverFactory.getDriver(NameBasedDriverFactory.groovy:44)
	at geb.driver.CachingDriverFactory.getDriver_closure3(CachingDriverFactory.groovy:85)
	at geb.driver.CachingDriverFactory.getDriver_closure3(CachingDriverFactory.groovy)
	at geb.driver.CachingDriverFactory$SimpleCache.get(CachingDriverFactory.groovy:32)
	at geb.driver.CachingDriverFactory.getDriver(CachingDriverFactory.groovy:84)
	at geb.Configuration.createDriver(Configuration.groovy:374)
	at geb.Configuration.getDriver(Configuration.groovy:363)
	at geb.Browser.getDriver(Browser.groovy:119)
	at geb.navigator.factory.BrowserBackedNavigatorFactory.&lt;init&gt;(BrowserBackedNavigatorFactory.groovy:35)
	at geb.Configuration.createNavigatorFactory(Configuration.groovy:427)
	at geb.Browser.createNavigatorFactory(Browser.groovy:141)
	at geb.Browser.getNavigatorFactory(Browser.groovy:129)
	at geb.Page.init(Page.groovy:144)
	at geb.Browser.createPage(Browser.groovy:908)
	at geb.Browser.to(Browser.groovy:588)
	at geb.Browser.to(Browser.groovy:577)
	at geb.spock.GebSpec.methodMissing(GebSpec.groovy:60)
	at FlightSearchPageIT.SouthWest Flight Search Oneway(FlightSearchPageIT.groovy:11)
</failure>
    <failure message="org.openqa.selenium.SessionNotCreatedException: Unable to find a matching set of capabilities&#10;Build info: version: '3.6.0', revision: '6fbf3ec767', time: '2017-09-27T15:28:36.4Z'&#10;System info: host: 'VAA-MacBook-Air.local', ip: '2402:3a80:a7d:53:91e2:9458:4d6f:b6a9', os.name: 'Mac OS X', os.arch: 'x86_64', os.version: '10.11.5', java.version: '1.8.0_102'&#10;Driver info: driver.version: FirefoxDriver&#10;remote stacktrace: stack backtrace:&#10;   0:        0x10271f54e - backtrace::backtrace::trace::hc694823f3e7463c0&#10;   1:        0x10271f6ec - backtrace::capture::Backtrace::new::h23089c033eded8f0&#10;   2:        0x1026b73af - geckodriver::marionette::MarionetteHandler::create_connection::hfc7af8bf299cf57b&#10;   3:        0x102692707 - _$LT$webdriver..server..Dispatcher$LT$T$C$$u20$U$GT$$GT$::run::h03bbbfe904a992bd&#10;   4:        0x102678c97 - std::panicking::try::do_call::he6fd7abc59b6b346&#10;   5:        0x10283c4ba - __rust_maybe_catch_panic&#10;   6:        0x10268900c - _$LT$F$u20$as$u20$alloc..boxed..FnBox$LT$A$GT$$GT$::call_box::h8e002f7c448fbabb&#10;   7:        0x102838684 - std::sys::imp::thread::Thread::new::thread_start::hba7593f2e1f1beb1&#10;   8:     0x7fff8ec1499c - _pthread_body&#10;   9:     0x7fff8ec14919 - _pthread_start" type="org.openqa.selenium.SessionNotCreatedException">org.openqa.selenium.SessionNotCreatedException: Unable to find a matching set of capabilities
Build info: version: '3.6.0', revision: '6fbf3ec767', time: '2017-09-27T15:28:36.4Z'
System info: host: 'VAA-MacBook-Air.local', ip: '2402:3a80:a7d:53:91e2:9458:4d6f:b6a9', os.name: 'Mac OS X', os.arch: 'x86_64', os.version: '10.11.5', java.version: '1.8.0_102'
Driver info: driver.version: FirefoxDriver
remote stacktrace: stack backtrace:
   0:        0x10271f54e - backtrace::backtrace::trace::hc694823f3e7463c0
   1:        0x10271f6ec - backtrace::capture::Backtrace::new::h23089c033eded8f0
   2:        0x1026b73af - geckodriver::marionette::MarionetteHandler::create_connection::hfc7af8bf299cf57b
   3:        0x102692707 - _$LT$webdriver..server..Dispatcher$LT$T$C$$u20$U$GT$$GT$::run::h03bbbfe904a992bd
   4:        0x102678c97 - std::panicking::try::do_call::he6fd7abc59b6b346
   5:        0x10283c4ba - __rust_maybe_catch_panic
   6:        0x10268900c - _$LT$F$u20$as$u20$alloc..boxed..FnBox$LT$A$GT$$GT$::call_box::h8e002f7c448fbabb
   7:        0x102838684 - std::sys::imp::thread::Thread::new::thread_start::hba7593f2e1f1beb1
   8:     0x7fff8ec1499c - _pthread_body
   9:     0x7fff8ec14919 - _pthread_start
	at org.openqa.selenium.remote.W3CHandshakeResponse.lambda$new$0(W3CHandshakeResponse.java:57)
	at org.openqa.selenium.remote.W3CHandshakeResponse.lambda$getResponseFunction$2(W3CHandshakeResponse.java:104)
	at org.openqa.selenium.remote.ProtocolHandshake.lambda$createSession$24(ProtocolHandshake.java:359)
	at java.util.stream.ReferencePipeline$3$1.accept(ReferencePipeline.java:193)
	at java.util.Spliterators$ArraySpliterator.tryAdvance(Spliterators.java:958)
	at java.util.stream.ReferencePipeline.forEachWithCancel(ReferencePipeline.java:126)
	at java.util.stream.AbstractPipeline.copyIntoWithCancel(AbstractPipeline.java:498)
	at java.util.stream.AbstractPipeline.copyInto(AbstractPipeline.java:485)
	at java.util.stream.AbstractPipeline.wrapAndCopyInto(AbstractPipeline.java:471)
	at java.util.stream.FindOps$FindOp.evaluateSequential(FindOps.java:152)
	at java.util.stream.AbstractPipeline.evaluate(AbstractPipeline.java:234)
	at java.util.stream.ReferencePipeline.findFirst(ReferencePipeline.java:464)
	at org.openqa.selenium.remote.ProtocolHandshake.createSession(ProtocolHandshake.java:362)
	at org.openqa.selenium.remote.ProtocolHandshake.createSession(ProtocolHandshake.java:136)
	at org.openqa.selenium.remote.HttpCommandExecutor.execute(HttpCommandExecutor.java:142)
	at org.openqa.selenium.remote.service.DriverCommandExecutor.execute(DriverCommandExecutor.java:83)
	at org.openqa.selenium.remote.RemoteWebDriver.execute(RemoteWebDriver.java:586)
	at org.openqa.selenium.remote.RemoteWebDriver.startSession(RemoteWebDriver.java:217)
	at org.openqa.selenium.remote.RemoteWebDriver.&lt;init&gt;(RemoteWebDriver.java:140)
	at org.openqa.selenium.firefox.FirefoxDriver.&lt;init&gt;(FirefoxDriver.java:120)
	at org.openqa.selenium.firefox.FirefoxDriver.&lt;init&gt;(FirefoxDriver.java:98)
	at geb.driver.NameBasedDriverFactory.getDriver(NameBasedDriverFactory.groovy:44)
	at geb.driver.CachingDriverFactory.getDriver_closure3(CachingDriverFactory.groovy:85)
	at geb.driver.CachingDriverFactory.getDriver_closure3(CachingDriverFactory.groovy)
	at geb.driver.CachingDriverFactory$SimpleCache.get(CachingDriverFactory.groovy:32)
	at geb.driver.CachingDriverFactory.getDriver(CachingDriverFactory.groovy:84)
	at geb.Configuration.createDriver(Configuration.groovy:374)
	at geb.Configuration.getDriver(Configuration.groovy:363)
	at geb.Browser.getDriver(Browser.groovy:119)
	at geb.report.PageSourceReporter.getPageSource(PageSourceReporter.groovy:42)
	at geb.report.PageSourceReporter.writePageSource(PageSourceReporter.groovy:38)
	at geb.report.PageSourceReporter.writeReport(PageSourceReporter.groovy:29)
	at geb.report.CompositeReporter.writeReport(CompositeReporter.groovy:31)
	at geb.Browser.report(Browser.groovy:980)
	at geb.spock.GebReportingSpec.report(GebReportingSpec.groovy:55)
	at geb.spock.GebReportingSpec.cleanup(GebReportingSpec.groovy:42)
</failure>
  </testcase>
  <system-out><![CDATA[]]></system-out>
  <system-err><![CDATA[1533644414517	geckodriver	INFO	geckodriver 0.18.0
1533644414525	geckodriver	INFO	Listening on 127.0.0.1:12852
1533644415579	geckodriver	INFO	geckodriver 0.18.0
1533644415587	geckodriver	INFO	Listening on 127.0.0.1:36468
1533644415930	geckodriver	INFO	geckodriver 0.18.0
1533644415950	geckodriver	INFO	Listening on 127.0.0.1:47742
1533644416425	geckodriver	INFO	geckodriver 0.18.0
1533644416437	geckodriver	INFO	Listening on 127.0.0.1:22246
]]></system-err>
</testsuite>
